{
  "numTotalTestSuites": 2,
  "numPassedTestSuites": 2,
  "numFailedTestSuites": 0,
  "numPendingTestSuites": 0,
  "numTotalTests": 1,
  "numPassedTests": 1,
  "numFailedTests": 0,
  "numPendingTests": 0,
  "numTodoTests": 0,
  "startTime": 1670995254049,
  "success": true,
  "testResults": [
    {
      "assertionResults": [
        {
          "ancestorTitles": [
            "",
            "sum test"
          ],
          "fullName": " sum test adds 1 + 2 to equal 3",
          "status": "passed",
          "title": "adds 1 + 2 to equal 3",
          "duration": 1,
          "failureMessages": []
        }
      ],
      "startTime": 1670995254454,
      "endTime": 1670995254455,
      "status": "passed",
      "message": "",
      "name": "/Users/quan/Developer/quan-do-portfolio/src/index.test.ts"
    }
  ]
}